TN:
SF:script/Deploy.s.sol
FN:32,Deployer.deploy
FNDA:0,Deployer.deploy
DA:33,0
DA:35,0
DA:36,0
BRDA:36,0,0,-
DA:40,0
DA:41,0
FN:11,Deploy.run
FNDA:0,Deploy.run
DA:12,0
DA:13,0
DA:16,0
DA:19,0
DA:21,0
DA:23,0
DA:25,0
FNF:2
FNH:0
LF:12
LH:0
BRF:1
BRH:0
end_of_record
TN:
SF:src/BaseStrategy.sol
FN:80,BaseStrategy._onlySelf
FNDA:94599,BaseStrategy._onlySelf
DA:81,94599
BRDA:81,0,0,1792
BRDA:81,0,1,92807
FN:257,BaseStrategy._tend
FNDA:0,BaseStrategy._tend
FN:265,BaseStrategy._tendTrigger
FNDA:0,BaseStrategy._tendTrigger
DA:266,0
FN:275,BaseStrategy.tendTrigger
FNDA:768,BaseStrategy.tendTrigger
DA:276,768
FN:305,BaseStrategy.availableDepositLimit
FNDA:54133,BaseStrategy.availableDepositLimit
DA:308,54133
FN:329,BaseStrategy.availableWithdrawLimit
FNDA:24125,BaseStrategy.availableWithdrawLimit
DA:332,24125
FN:356,BaseStrategy._emergencyWithdraw
FNDA:0,BaseStrategy._emergencyWithdraw
FN:376,BaseStrategy.deployFunds
FNDA:53877,BaseStrategy.deployFunds
DA:377,53365
FN:390,BaseStrategy.freeFunds
FNDA:21975,BaseStrategy.freeFunds
DA:391,21463
FN:406,BaseStrategy.harvestAndReport
FNDA:16186,BaseStrategy.harvestAndReport
DA:407,15674
FN:423,BaseStrategy.tendThis
FNDA:1792,BaseStrategy.tendThis
DA:424,1536
FN:439,BaseStrategy.shutdownWithdraw
FNDA:769,BaseStrategy.shutdownWithdraw
DA:440,769
FN:454,BaseStrategy._delegateCall
FNDA:0,BaseStrategy._delegateCall
DA:458,0
DA:462,0
BRDA:462,1,0,-
BRDA:462,1,1,-
DA:472,0
FN:486,BaseStrategy.
FNDA:515207,BaseStrategy.
DA:488,515207
FNF:14
FNH:10
LF:14
LH:10
BRF:4
BRH:2
end_of_record
TN:
SF:src/TokenizedStrategy.sol
FN:308,TokenizedStrategy.isManagement
FNDA:512,TokenizedStrategy.isManagement
DA:309,42988
BRDA:309,0,0,1536
BRDA:309,0,1,41452
DA:310,41452
FN:325,TokenizedStrategy.isKeeperOrManagement
FNDA:768,TokenizedStrategy.isKeeperOrManagement
DA:326,17722
DA:327,17722
BRDA:327,1,0,512
BRDA:327,1,1,17210
DA:328,17210
FN:343,TokenizedStrategy.isEmergencyAuthorized
FNDA:768,TokenizedStrategy.isEmergencyAuthorized
DA:344,4099
DA:345,4099
BRDA:345,2,0,768
BRDA:345,2,1,3331
DA:349,3331
FN:409,TokenizedStrategy._strategyStorage
FNDA:707925,TokenizedStrategy._strategyStorage
DA:412,707925
DA:414,707925
FN:443,TokenizedStrategy.init
FNDA:9275,TokenizedStrategy.init
DA:451,9275
DA:454,9275
BRDA:454,3,0,256
BRDA:454,3,1,9019
DA:457,9019
DA:459,9019
DA:461,9019
DA:463,9019
DA:465,9019
DA:468,9019
DA:471,9019
BRDA:471,4,0,-
BRDA:471,4,1,9019
DA:473,9019
BRDA:473,5,0,-
BRDA:473,5,1,9019
DA:474,9019
DA:476,9019
DA:478,9019
DA:481,9019
BRDA:481,6,0,-
BRDA:481,6,1,9019
DA:482,9019
DA:484,9019
DA:487,9019
FN:501,TokenizedStrategy.deposit
FNDA:52205,TokenizedStrategy.deposit
DA:505,50669
DA:507,50669
BRDA:507,7,0,1024
BRDA:507,7,1,49645
DA:512,49645
BRDA:512,8,0,256
BRDA:512,8,1,49389
DA:514,49389
FN:524,TokenizedStrategy.mint
FNDA:4488,TokenizedStrategy.mint
DA:528,4488
DA:530,4488
BRDA:530,9,0,512
BRDA:530,9,1,3976
DA:532,3976
BRDA:532,10,0,256
BRDA:532,10,1,3720
DA:534,3720
FN:546,TokenizedStrategy.withdraw
FNDA:6024,TokenizedStrategy.withdraw
DA:551,6024
FN:564,TokenizedStrategy.withdraw
FNDA:256,TokenizedStrategy.withdraw
DA:570,6280
DA:571,6280
BRDA:571,11,0,636
BRDA:571,11,1,5644
DA:576,5644
BRDA:576,12,0,-
BRDA:576,12,1,5644
DA:579,5644
FN:591,TokenizedStrategy.redeem
FNDA:17845,TokenizedStrategy.redeem
DA:597,17845
FN:610,TokenizedStrategy.redeem
FNDA:768,TokenizedStrategy.redeem
DA:616,18613
DA:617,18613
BRDA:617,13,0,646
BRDA:617,13,1,17967
DA:621,17967
DA:623,17967
BRDA:623,14,0,-
BRDA:623,14,1,17967
DA:626,17967
FN:641,TokenizedStrategy.totalAssets
FNDA:78429,TokenizedStrategy.totalAssets
DA:642,78429
FN:656,TokenizedStrategy.totalSupply
FNDA:41529,TokenizedStrategy.totalSupply
DA:657,41529
FN:668,TokenizedStrategy.convertToShares
FNDA:8448,TokenizedStrategy.convertToShares
DA:669,8448
FN:680,TokenizedStrategy.convertToAssets
FNDA:12288,TokenizedStrategy.convertToAssets
DA:681,12288
FN:693,TokenizedStrategy.previewDeposit
FNDA:256,TokenizedStrategy.previewDeposit
DA:694,256
FN:707,TokenizedStrategy.previewMint
FNDA:256,TokenizedStrategy.previewMint
DA:708,256
FN:721,TokenizedStrategy.previewWithdraw
FNDA:1280,TokenizedStrategy.previewWithdraw
DA:722,1280
FN:734,TokenizedStrategy.previewRedeem
FNDA:256,TokenizedStrategy.previewRedeem
DA:735,256
FN:746,TokenizedStrategy.maxDeposit
FNDA:1280,TokenizedStrategy.maxDeposit
DA:747,1280
FN:758,TokenizedStrategy.maxMint
FNDA:1280,TokenizedStrategy.maxMint
DA:759,1280
FN:770,TokenizedStrategy.maxWithdraw
FNDA:1024,TokenizedStrategy.maxWithdraw
DA:771,1024
FN:782,TokenizedStrategy.maxRedeem
FNDA:1792,TokenizedStrategy.maxRedeem
DA:783,1792
FN:791,TokenizedStrategy._totalAssets
FNDA:221911,TokenizedStrategy._totalAssets
DA:794,221911
FN:798,TokenizedStrategy._totalSupply
FNDA:202394,TokenizedStrategy._totalSupply
DA:801,202394
FN:805,TokenizedStrategy._convertToShares
FNDA:75484,TokenizedStrategy._convertToShares
DA:810,75484
DA:811,75484
DA:814,75484
BRDA:814,15,0,-
BRDA:814,15,1,26546
DA:816,48938
FN:820,TokenizedStrategy._convertToAssets
FNDA:71921,TokenizedStrategy._convertToAssets
DA:825,71921
DA:827,71921
DA:828,71921
FN:834,TokenizedStrategy._previewDeposit
FNDA:49901,TokenizedStrategy._previewDeposit
DA:838,49901
FN:842,TokenizedStrategy._previewMint
FNDA:4232,TokenizedStrategy._previewMint
DA:847,4232
DA:849,4232
DA:850,4232
FN:856,TokenizedStrategy._previewWithdraw
FNDA:9228,TokenizedStrategy._previewWithdraw
DA:861,9228
DA:862,9228
DA:865,9228
BRDA:865,16,0,-
BRDA:865,16,1,-
DA:867,9228
FN:871,TokenizedStrategy._previewRedeem
FNDA:18223,TokenizedStrategy._previewRedeem
DA:875,18223
FN:879,TokenizedStrategy._maxDeposit
FNDA:51949,TokenizedStrategy._maxDeposit
DA:884,51949
BRDA:884,17,0,1536
BRDA:884,17,1,50413
DA:886,50413
FN:890,TokenizedStrategy._maxMint
FNDA:5768,TokenizedStrategy._maxMint
DA:895,5768
BRDA:895,18,0,1024
BRDA:895,18,1,4744
DA:897,4744
DA:898,4744
BRDA:898,19,0,512
BRDA:898,19,1,4744
DA:899,512
FN:904,TokenizedStrategy._maxWithdraw
FNDA:7304,TokenizedStrategy._maxWithdraw
DA:909,7304
DA:914,7304
BRDA:914,20,0,6024
BRDA:914,20,1,1280
DA:916,6024
DA:918,1280
FN:926,TokenizedStrategy._maxRedeem
FNDA:20405,TokenizedStrategy._maxRedeem
DA:931,20405
DA:934,20405
BRDA:934,21,0,18101
BRDA:934,21,1,2304
DA:935,18101
DA:937,2304
FN:959,TokenizedStrategy._deposit
FNDA:53109,TokenizedStrategy._deposit
DA:965,53109
BRDA:965,22,0,-
BRDA:965,22,1,53109
DA:968,53109
DA:971,53109
DA:974,53109
DA:979,52597
DA:982,52597
DA:984,52597
FN:996,TokenizedStrategy._withdraw
FNDA:23611,TokenizedStrategy._withdraw
DA:1004,23611
BRDA:1004,23,0,-
BRDA:1004,23,1,23611
DA:1005,23611
BRDA:1005,24,0,-
BRDA:1005,24,1,23611
DA:1008,23611
BRDA:1008,25,0,1278
BRDA:1008,25,1,23357
DA:1009,1278
DA:1013,23357
DA:1015,23357
DA:1016,23357
DA:1018,23357
BRDA:1018,26,0,768
BRDA:1018,26,1,511
DA:1021,21207
DA:1025,20695
DA:1028,20695
BRDA:1028,27,0,768
BRDA:1028,27,1,511
DA:1030,1563
DA:1033,1563
BRDA:1033,28,0,768
BRDA:1033,28,1,511
DA:1035,1279
BRDA:1035,29,0,768
BRDA:1035,29,1,511
DA:1041,795
DA:1046,22077
DA:1048,22077
DA:1051,22077
DA:1053,22077
DA:1056,22077
FN:1091,TokenizedStrategy.report
FNDA:15418,TokenizedStrategy.report
DA:1098,15418
DA:1100,15418
DA:1107,15418
DA:1111,15162
DA:1114,15162
DA:1115,15162
DA:1116,15162
DA:1117,15162
DA:1119,15162
BRDA:1119,30,0,945
BRDA:1119,30,1,12858
DA:1122,12858
DA:1124,12858
DA:1127,12858
DA:1128,12858
DA:1129,12858
DA:1131,12858
BRDA:1131,31,0,949
BRDA:1131,31,1,1792
DA:1133,1792
DA:1134,1792
DA:1138,1792
BRDA:1138,32,0,1024
BRDA:1138,32,1,1792
DA:1140,1024
DA:1146,1792
DA:1151,1792
BRDA:1151,33,0,949
BRDA:1151,33,1,1792
DA:1152,949
DA:1157,12858
BRDA:1157,34,0,11834
BRDA:1157,34,1,12858
DA:1160,11834
DA:1163,11834
DA:1167,12858
BRDA:1167,35,0,1753
BRDA:1167,35,1,12858
DA:1168,1753
DA:1171,12858
BRDA:1171,36,0,945
BRDA:1171,36,1,12858
DA:1172,945
DA:1177,2304
DA:1181,2304
BRDA:1181,37,0,512
BRDA:1181,37,1,2048
DA:1184,2048
DA:1190,2048
BRDA:1190,38,0,512
BRDA:1190,38,1,2048
DA:1191,512
DA:1197,15162
DA:1198,15162
BRDA:1198,39,0,1536
BRDA:1198,39,1,12346
DA:1199,12346
DA:1200,12346
DA:1202,12346
BRDA:1202,40,0,1536
BRDA:1202,40,1,12346
DA:1206,1536
DA:1214,12346
DA:1219,12346
DA:1224,12346
DA:1230,2816
DA:1234,15162
DA:1235,15162
DA:1238,15162
FN:1253,TokenizedStrategy._burnUnlockedShares
FNDA:15162,TokenizedStrategy._burnUnlockedShares
DA:1254,15162
DA:1255,15162
BRDA:1255,41,0,13370
BRDA:1255,41,1,1792
DA:1256,13370
DA:1260,1792
BRDA:1260,42,0,1536
BRDA:1260,42,1,1792
DA:1261,1536
DA:1264,1792
FN:1271,TokenizedStrategy.unlockedShares
FNDA:0,TokenizedStrategy.unlockedShares
DA:1272,0
FN:1284,TokenizedStrategy._unlockedShares
FNDA:232916,TokenizedStrategy._unlockedShares
DA:1287,232916
DA:1288,232916
BRDA:1288,43,0,-
BRDA:1288,43,1,35368
DA:1290,35368
DA:1294,197548
BRDA:1294,44,0,44815
BRDA:1294,44,1,197548
DA:1296,44815
FN:1323,TokenizedStrategy.tend
FNDA:1536,TokenizedStrategy.tend
DA:1325,1280
FN:1346,TokenizedStrategy.shutdownStrategy
FNDA:2050,TokenizedStrategy.shutdownStrategy
DA:1347,1794
DA:1349,1794
FN:1365,TokenizedStrategy.emergencyWithdraw
FNDA:1281,TokenizedStrategy.emergencyWithdraw
DA:1369,1025
BRDA:1369,45,0,256
BRDA:1369,45,1,769
DA:1372,769
FN:1383,TokenizedStrategy.asset
FNDA:50921,TokenizedStrategy.asset
DA:1384,50921
FN:1391,TokenizedStrategy.apiVersion
FNDA:1,TokenizedStrategy.apiVersion
DA:1392,1
FN:1399,TokenizedStrategy.management
FNDA:1792,TokenizedStrategy.management
DA:1400,1792
FN:1407,TokenizedStrategy.pendingManagement
FNDA:1024,TokenizedStrategy.pendingManagement
DA:1408,1024
FN:1415,TokenizedStrategy.keeper
FNDA:1280,TokenizedStrategy.keeper
DA:1416,1280
FN:1423,TokenizedStrategy.emergencyAdmin
FNDA:256,TokenizedStrategy.emergencyAdmin
DA:1424,256
FN:1432,TokenizedStrategy.performanceFee
FNDA:768,TokenizedStrategy.performanceFee
DA:1433,768
FN:1440,TokenizedStrategy.performanceFeeRecipient
FNDA:15930,TokenizedStrategy.performanceFeeRecipient
DA:1441,15930
FN:1448,TokenizedStrategy.fullProfitUnlockDate
FNDA:1792,TokenizedStrategy.fullProfitUnlockDate
DA:1449,1792
FN:1457,TokenizedStrategy.profitUnlockingRate
FNDA:1792,TokenizedStrategy.profitUnlockingRate
DA:1458,1792
FN:1465,TokenizedStrategy.profitMaxUnlockTime
FNDA:17722,TokenizedStrategy.profitMaxUnlockTime
DA:1466,17722
FN:1473,TokenizedStrategy.lastReport
FNDA:13370,TokenizedStrategy.lastReport
DA:1474,13370
FN:1484,TokenizedStrategy.pricePerShare
FNDA:34106,TokenizedStrategy.pricePerShare
DA:1485,34106
DA:1486,34106
FN:1493,TokenizedStrategy.isShutdown
FNDA:16189,TokenizedStrategy.isShutdown
DA:1494,16189
FN:1511,TokenizedStrategy.setPendingManagement
FNDA:9787,TokenizedStrategy.setPendingManagement
DA:1512,9531
BRDA:1512,46,0,-
BRDA:1512,46,1,9531
DA:1513,9531
DA:1515,9531
FN:1522,TokenizedStrategy.acceptManagement
FNDA:9531,TokenizedStrategy.acceptManagement
DA:1523,9531
BRDA:1523,47,0,256
BRDA:1523,47,1,9275
DA:1524,9275
DA:1525,9275
DA:1527,9275
FN:1536,TokenizedStrategy.setKeeper
FNDA:9531,TokenizedStrategy.setKeeper
DA:1537,9275
DA:1539,9275
FN:1548,TokenizedStrategy.setEmergencyAdmin
FNDA:9019,TokenizedStrategy.setEmergencyAdmin
DA:1551,9019
DA:1553,9019
FN:1566,TokenizedStrategy.setPerformanceFee
FNDA:2304,TokenizedStrategy.setPerformanceFee
DA:1567,2048
BRDA:1567,48,0,256
BRDA:1567,48,1,1792
DA:1568,1792
BRDA:1568,49,0,256
BRDA:1568,49,1,1536
DA:1569,1536
DA:1571,1536
FN:1582,TokenizedStrategy.setPerformanceFeeRecipient
FNDA:9787,TokenizedStrategy.setPerformanceFeeRecipient
DA:1585,9531
BRDA:1585,50,0,-
BRDA:1585,50,1,9531
DA:1586,9531
BRDA:1586,51,0,256
BRDA:1586,51,1,9275
DA:1587,9275
DA:1589,9275
FN:1606,TokenizedStrategy.setProfitMaxUnlockTime
FNDA:2048,TokenizedStrategy.setProfitMaxUnlockTime
DA:1610,1792
BRDA:1610,52,0,256
BRDA:1610,52,1,1536
DA:1611,1536
DA:1614,1536
BRDA:1614,53,0,1280
BRDA:1614,53,1,1536
DA:1616,1280
DA:1618,1280
DA:1619,1280
DA:1622,1536
DA:1624,1536
FN:1635,TokenizedStrategy.name
FNDA:1,TokenizedStrategy.name
DA:1636,1
FN:1644,TokenizedStrategy.symbol
FNDA:1,TokenizedStrategy.symbol
DA:1645,1
DA:1646,1
FN:1653,TokenizedStrategy.decimals
FNDA:1,TokenizedStrategy.decimals
DA:1654,1
FN:1664,TokenizedStrategy.balanceOf
FNDA:31921,TokenizedStrategy.balanceOf
DA:1665,31921
FN:1669,TokenizedStrategy._balanceOf
FNDA:59630,TokenizedStrategy._balanceOf
DA:1673,59630
BRDA:1673,54,0,15360
BRDA:1673,54,1,44270
DA:1674,15360
DA:1676,44270
FN:1692,TokenizedStrategy.transfer
FNDA:768,TokenizedStrategy.transfer
DA:1693,768
DA:1694,512
FN:1707,TokenizedStrategy.allowance
FNDA:4867,TokenizedStrategy.allowance
DA:1711,4867
FN:1715,TokenizedStrategy._allowance
FNDA:7681,TokenizedStrategy._allowance
DA:1720,7681
FN:1747,TokenizedStrategy.approve
FNDA:4608,TokenizedStrategy.approve
DA:1748,4608
DA:1749,4608
FN:1779,TokenizedStrategy.transferFrom
FNDA:1536,TokenizedStrategy.transferFrom
DA:1784,1536
DA:1785,1536
DA:1786,1280
DA:1787,1024
FN:1806,TokenizedStrategy._transfer
FNDA:2048,TokenizedStrategy._transfer
DA:1812,2048
BRDA:1812,55,0,-
BRDA:1812,55,1,2048
DA:1813,2048
BRDA:1813,56,0,-
BRDA:1813,56,1,2048
DA:1814,2048
BRDA:1814,57,0,-
BRDA:1814,57,1,2048
DA:1816,2048
DA:1818,1536
DA:1821,1536
FN:1834,TokenizedStrategy._mint
FNDA:67129,TokenizedStrategy._mint
DA:1839,67129
BRDA:1839,58,0,-
BRDA:1839,58,1,67129
DA:1841,67129
DA:1843,67129
DA:1845,67129
FN:1859,TokenizedStrategy._burn
FNDA:25661,TokenizedStrategy._burn
DA:1864,25661
BRDA:1864,59,0,-
BRDA:1864,59,1,25661
DA:1866,25661
DA:1868,25661
DA:1870,25661
FN:1886,TokenizedStrategy._approve
FNDA:8958,TokenizedStrategy._approve
DA:1892,8958
BRDA:1892,60,0,-
BRDA:1892,60,1,8958
DA:1893,8958
BRDA:1893,61,0,-
BRDA:1893,61,1,8958
DA:1895,8958
DA:1896,8958
FN:1907,TokenizedStrategy._spendAllowance
FNDA:2814,TokenizedStrategy._spendAllowance
DA:1913,2814
DA:1914,2814
BRDA:1914,62,0,510
BRDA:1914,62,1,1532
DA:1915,2042
BRDA:1915,63,0,510
BRDA:1915,63,1,1532
DA:1920,1532
FN:1939,TokenizedStrategy.nonces
FNDA:5635,TokenizedStrategy.nonces
DA:1940,5635
FN:1964,TokenizedStrategy.permit
FNDA:3080,TokenizedStrategy.permit
DA:1973,3080
BRDA:1973,64,0,1
BRDA:1973,64,1,3079
DA:1978,3079
DA:2002,3079
BRDA:2002,65,0,261
BRDA:2002,65,1,2818
DA:2007,2818
FN:2021,TokenizedStrategy.DOMAIN_SEPARATOR
FNDA:2826,TokenizedStrategy.DOMAIN_SEPARATOR
DA:2022,5905
DA:2023,5905
DA:2024,5905
FN:2038,TokenizedStrategy._computeDomainSeparator
FNDA:9019,TokenizedStrategy._computeDomainSeparator
DA:2041,9019
DA:2042,9019
FNF:84
FNH:83
LF:273
LH:272
BRF:132
BRH:111
end_of_record
TN:
SF:src/test/ERC20Std.t.sol
FN:618,ERC20User.erc20_approve
FNDA:1280,ERC20User.erc20_approve
DA:623,1280
FN:626,ERC20User.erc20_permit
FNDA:3080,ERC20User.erc20_permit
DA:636,3080
FN:647,ERC20User.erc20_transfer
FNDA:512,ERC20User.erc20_transfer
DA:652,512
FN:655,ERC20User.erc20_transferFrom
FNDA:0,ERC20User.erc20_transferFrom
DA:661,0
FNF:4
FNH:3
LF:4
LH:3
BRF:0
BRH:0
end_of_record
TN:
SF:src/test/ERC4626Std.t.sol
FN:10,ERC4626StdTest.setUp
FNDA:0,ERC4626StdTest.setUp
DA:11,0
DA:12,0
DA:13,0
DA:14,0
DA:15,0
DA:16,0
FNF:1
FNH:0
LF:6
LH:0
BRF:0
BRH:0
end_of_record
TN:
SF:src/test/InvariantsSingleStrategy.t.sol
FN:11,SingleStrategyInvariantTest.setUp
FNDA:0,SingleStrategyInvariantTest.setUp
DA:12,0
DA:14,0
DA:16,0
DA:18,0
DA:19,0
DA:20,0
DA:21,0
DA:23,0
DA:25,0
FN:33,SingleStrategyInvariantTest.invariant_totalAssets
FNDA:0,SingleStrategyInvariantTest.invariant_totalAssets
DA:34,0
FN:37,SingleStrategyInvariantTest.invariant_maxWithdraw
FNDA:0,SingleStrategyInvariantTest.invariant_maxWithdraw
DA:38,0
FN:41,SingleStrategyInvariantTest.invariant_maxRedeem
FNDA:0,SingleStrategyInvariantTest.invariant_maxRedeem
DA:42,0
FN:45,SingleStrategyInvariantTest.invariant_maxWithdrawEqualsMaxRedeem
FNDA:0,SingleStrategyInvariantTest.invariant_maxWithdrawEqualsMaxRedeem
DA:46,0
FN:49,SingleStrategyInvariantTest.invariant_unlockingTime
FNDA:0,SingleStrategyInvariantTest.invariant_unlockingTime
DA:50,0
FN:53,SingleStrategyInvariantTest.invariant_unlockedShares
FNDA:0,SingleStrategyInvariantTest.invariant_unlockedShares
FN:57,SingleStrategyInvariantTest.invariant_previewMintAndConvertToAssets
FNDA:0,SingleStrategyInvariantTest.invariant_previewMintAndConvertToAssets
DA:58,0
FN:61,SingleStrategyInvariantTest.invariant_previewWithdrawAndConvertToShares
FNDA:0,SingleStrategyInvariantTest.invariant_previewWithdrawAndConvertToShares
DA:62,0
FN:65,SingleStrategyInvariantTest.invariant_balanceAndTotalAssets
FNDA:0,SingleStrategyInvariantTest.invariant_balanceAndTotalAssets
DA:66,0
BRDA:66,0,0,-
BRDA:66,0,1,-
DA:67,0
FN:71,SingleStrategyInvariantTest.invariant_callSummary
FNDA:0,SingleStrategyInvariantTest.invariant_callSummary
DA:72,0
FN:75,SingleStrategyInvariantTest.getTargetSelectors
FNDA:0,SingleStrategyInvariantTest.getTargetSelectors
DA:80,0
DA:81,0
DA:82,0
DA:83,0
DA:84,0
DA:85,0
DA:86,0
DA:87,0
DA:88,0
DA:89,0
DA:90,0
DA:91,0
DA:92,0
FNF:12
FNH:0
LF:32
LH:0
BRF:2
BRH:0
end_of_record
TN:
SF:src/test/handlers/StrategyHandler.sol
FN:61,StrategyHandler.deposit
FNDA:0,StrategyHandler.deposit
DA:62,0
DA:64,0
DA:65,0
DA:66,0
DA:68,0
DA:69,0
DA:71,0
FN:74,StrategyHandler.mint
FNDA:0,StrategyHandler.mint
DA:75,0
DA:77,0
DA:78,0
DA:80,0
DA:81,0
DA:83,0
DA:84,0
DA:86,0
FN:89,StrategyHandler.withdraw
FNDA:0,StrategyHandler.withdraw
DA:93,0
BRDA:93,0,0,-
BRDA:93,0,1,-
DA:95,0
DA:98,0
DA:99,0
BRDA:99,1,0,-
BRDA:99,1,1,-
DA:101,0
DA:102,0
DA:104,0
FN:107,StrategyHandler.redeem
FNDA:0,StrategyHandler.redeem
DA:111,0
BRDA:111,2,0,-
BRDA:111,2,1,-
DA:113,0
DA:116,0
DA:117,0
BRDA:117,3,0,-
BRDA:117,3,1,-
DA:119,0
DA:120,0
DA:122,0
FN:125,StrategyHandler.reportProfit
FNDA:0,StrategyHandler.reportProfit
DA:126,0
DA:129,0
DA:131,0
DA:132,0
DA:134,0
DA:135,0
FN:138,StrategyHandler.reportLoss
FNDA:0,StrategyHandler.reportLoss
DA:139,0
DA:142,0
DA:143,0
DA:145,0
DA:146,0
DA:148,0
DA:149,0
FN:152,StrategyHandler.tend
FNDA:0,StrategyHandler.tend
DA:153,0
DA:154,0
DA:156,0
DA:157,0
FN:160,StrategyHandler.approve
FNDA:0,StrategyHandler.approve
DA:165,0
DA:167,0
DA:168,0
FN:171,StrategyHandler.transfer
FNDA:0,StrategyHandler.transfer
DA:176,0
DA:178,0
DA:179,0
BRDA:179,4,0,-
BRDA:179,4,1,-
DA:181,0
DA:182,0
FN:185,StrategyHandler.transferFrom
FNDA:0,StrategyHandler.transferFrom
DA:190,0
DA:191,0
DA:192,0
DA:194,0
DA:195,0
DA:196,0
BRDA:196,5,0,-
BRDA:196,5,1,-
DA:197,0
DA:198,0
DA:201,0
DA:202,0
DA:204,0
BRDA:204,6,0,-
BRDA:204,6,1,-
DA:206,0
DA:207,0
FN:210,StrategyHandler.unreportedLoss
FNDA:0,StrategyHandler.unreportedLoss
DA:213,0
DA:216,0
DA:217,0
DA:219,0
DA:220,0
FN:223,StrategyHandler.increaseTime
FNDA:0,StrategyHandler.increaseTime
DA:224,0
FN:227,StrategyHandler.callSummary
FNDA:0,StrategyHandler.callSummary
DA:228,0
DA:229,0
DA:230,0
DA:231,0
DA:232,0
DA:233,0
DA:234,0
DA:235,0
DA:236,0
DA:237,0
DA:238,0
DA:239,0
DA:240,0
DA:241,0
DA:242,0
DA:243,0
DA:244,0
DA:245,0
DA:246,0
DA:247,0
DA:248,0
DA:249,0
DA:250,0
DA:251,0
DA:252,0
DA:253,0
FNF:13
FNH:0
LF:99
LH:0
BRF:14
BRH:0
end_of_record
TN:
SF:src/test/mocks/MockFactory.sol
FN:12,MockFactory.setRecipient
FNDA:0,MockFactory.setRecipient
DA:13,0
FN:16,MockFactory.setFee
FNDA:10752,MockFactory.setFee
DA:17,10752
FN:20,MockFactory.protocol_fee_config
FNDA:1792,MockFactory.protocol_fee_config
DA:21,1792
FNF:3
FNH:2
LF:3
LH:2
BRF:0
BRH:0
end_of_record
TN:
SF:src/test/mocks/MockFaultyStrategy.sol
FN:31,MockFaultyStrategy._deployFunds
FNDA:3072,MockFaultyStrategy._deployFunds
DA:32,3072
BRDA:32,0,0,1024
BRDA:32,0,1,2560
DA:33,1024
DA:35,2560
FN:38,MockFaultyStrategy._freeFunds
FNDA:1536,MockFaultyStrategy._freeFunds
DA:39,1536
BRDA:39,1,0,1024
BRDA:39,1,1,1024
DA:40,1024
FN:43,MockFaultyStrategy._harvestAndReport
FNDA:1280,MockFaultyStrategy._harvestAndReport
DA:44,1280
DA:45,1280
BRDA:45,2,0,-
BRDA:45,2,1,1024
DA:46,1024
DA:48,1280
DA:49,1280
BRDA:49,3,0,768
BRDA:49,3,1,1024
DA:50,1024
FN:53,MockFaultyStrategy._tend
FNDA:512,MockFaultyStrategy._tend
DA:54,512
BRDA:54,4,0,512
BRDA:54,4,1,256
DA:55,512
BRDA:55,5,0,512
BRDA:55,5,1,256
DA:56,256
DA:57,256
BRDA:57,6,0,-
BRDA:57,6,1,256
DA:58,256
FN:62,MockFaultyStrategy.setDontTend
FNDA:0,MockFaultyStrategy.setDontTend
DA:63,0
FN:66,MockFaultyStrategy.setFaultAmount
FNDA:3584,MockFaultyStrategy.setFaultAmount
DA:67,3584
FN:70,MockFaultyStrategy.setCallBack
FNDA:3584,MockFaultyStrategy.setCallBack
DA:71,3584
FN:76,MockFaultyStrategy.callBack
FNDA:0,MockFaultyStrategy.callBack
DA:77,3328
FNF:8
FNH:6
LF:20
LH:19
BRF:14
BRH:12
end_of_record
TN:
SF:src/test/mocks/MockIlliquidStrategy.sol
FN:20,MockIlliquidStrategy._deployFunds
FNDA:768,MockIlliquidStrategy._deployFunds
DA:21,768
FN:24,MockIlliquidStrategy._freeFunds
FNDA:27,MockIlliquidStrategy._freeFunds
FN:28,MockIlliquidStrategy._harvestAndReport
FNDA:512,MockIlliquidStrategy._harvestAndReport
DA:29,512
DA:30,512
BRDA:30,0,0,-
BRDA:30,0,1,512
DA:31,512
DA:33,512
DA:34,512
DA:35,512
FN:38,MockIlliquidStrategy._tend
FNDA:256,MockIlliquidStrategy._tend
DA:39,256
DA:40,256
BRDA:40,1,0,-
BRDA:40,1,1,256
DA:41,256
FN:45,MockIlliquidStrategy.availableDepositLimit
FNDA:2304,MockIlliquidStrategy.availableDepositLimit
DA:48,2304
BRDA:48,2,0,1024
BRDA:48,2,1,1280
DA:49,1024
DA:51,1280
FN:55,MockIlliquidStrategy.availableWithdrawLimit
FNDA:5120,MockIlliquidStrategy.availableWithdrawLimit
DA:58,5120
FN:61,MockIlliquidStrategy.setWhitelist
FNDA:256,MockIlliquidStrategy.setWhitelist
DA:62,256
FN:65,MockIlliquidStrategy.allow
FNDA:256,MockIlliquidStrategy.allow
DA:66,256
FNF:8
FNH:8
LF:16
LH:16
BRF:6
BRH:4
end_of_record
TN:
SF:src/test/mocks/MockStrategy.sol
FN:21,MockStrategy.initialize
FNDA:0,MockStrategy.initialize
DA:22,0
BRDA:22,0,0,-
BRDA:22,0,1,-
DA:23,0
DA:24,0
FN:27,MockStrategy._deployFunds
FNDA:49525,MockStrategy._deployFunds
DA:28,49525
FN:31,MockStrategy._freeFunds
FNDA:19900,MockStrategy._freeFunds
DA:32,19900
FN:35,MockStrategy._harvestAndReport
FNDA:13882,MockStrategy._harvestAndReport
DA:36,13882
DA:37,13882
BRDA:37,1,0,-
BRDA:37,1,1,10810
DA:38,10810
DA:40,13882
DA:41,13882
DA:42,13882
FN:45,MockStrategy._tend
FNDA:768,MockStrategy._tend
DA:46,768
DA:47,768
BRDA:47,2,0,-
BRDA:47,2,1,512
DA:48,512
FN:52,MockStrategy._emergencyWithdraw
FNDA:769,MockStrategy._emergencyWithdraw
DA:53,769
FN:56,MockStrategy._tendTrigger
FNDA:768,MockStrategy._tendTrigger
DA:57,768
FN:60,MockStrategy.setTrigger
FNDA:256,MockStrategy.setTrigger
DA:61,256
FN:64,MockStrategy.onlyLetManagers
FNDA:512,MockStrategy.onlyLetManagers
DA:65,256
FN:68,MockStrategy.onlyLetKeepersIn
FNDA:768,MockStrategy.onlyLetKeepersIn
DA:69,512
FN:72,MockStrategy.onlyLetEmergencyAdminsIn
FNDA:768,MockStrategy.onlyLetEmergencyAdminsIn
DA:73,512
FNF:11
FNH:10
LF:20
LH:17
BRF:6
BRH:2
end_of_record
TN:
SF:src/test/mocks/MockYieldSource.sol
FN:13,MockYieldSource.deposit
FNDA:65967,MockYieldSource.deposit
DA:14,65967
FN:17,MockYieldSource.withdraw
FNDA:21949,MockYieldSource.withdraw
DA:18,21949
DA:19,21949
DA:20,21949
FN:23,MockYieldSource.balance
FNDA:15930,MockYieldSource.balance
DA:24,15930
FN:27,MockYieldSource.simulateLoss
FNDA:2048,MockYieldSource.simulateLoss
DA:28,2048
FNF:4
FNH:4
LF:6
LH:6
BRF:0
BRH:0
end_of_record
TN:
SF:src/test/utils/BaseInvariant.sol
FN:8,BaseInvariant.setUp
FNDA:0,BaseInvariant.setUp
DA:9,0
FN:12,BaseInvariant.assert_totalAssets
FNDA:0,BaseInvariant.assert_totalAssets
FN:16,BaseInvariant.assert_maxWithdraw
FNDA:0,BaseInvariant.assert_maxWithdraw
DA:17,0
FN:20,BaseInvariant.assert_maxRedeem
FNDA:0,BaseInvariant.assert_maxRedeem
DA:21,0
FN:24,BaseInvariant.assert_maxRedeemEqualsMaxWithdraw
FNDA:0,BaseInvariant.assert_maxRedeemEqualsMaxWithdraw
DA:25,0
DA:30,0
FN:37,BaseInvariant.assert_unlockingTime
FNDA:0,BaseInvariant.assert_unlockingTime
DA:38,0
DA:39,0
DA:40,0
DA:41,0
BRDA:41,0,0,-
BRDA:41,0,1,-
DA:42,0
BRDA:42,1,0,-
BRDA:42,1,1,-
DA:43,0
DA:44,0
DA:45,0
BRDA:45,2,0,-
BRDA:45,2,1,-
DA:46,0
DA:47,0
DA:50,0
DA:51,0
DA:54,0
FN:58,BaseInvariant.assert_unlockedShares
FNDA:0,BaseInvariant.assert_unlockedShares
DA:59,0
DA:60,0
DA:62,0
DA:64,0
DA:65,0
DA:66,0
BRDA:63,3,0,-
BRDA:63,3,1,-
DA:68,0
DA:70,0
DA:71,0
FN:75,BaseInvariant.assert_previewMintAndConvertToAssets
FNDA:0,BaseInvariant.assert_previewMintAndConvertToAssets
DA:76,0
FN:83,BaseInvariant.assert_previewWithdrawAndConvertToShares
FNDA:0,BaseInvariant.assert_previewWithdrawAndConvertToShares
DA:84,0
FN:91,BaseInvariant.assert_balanceAndTotalAssets
FNDA:0,BaseInvariant.assert_balanceAndTotalAssets
DA:92,0
FNF:10
FNH:0
LF:30
LH:0
BRF:8
BRH:0
end_of_record
TN:
SF:src/test/utils/ExtendedTest.sol
FN:8,ExtendedTest.assertNeq
FNDA:0,ExtendedTest.assertNeq
DA:9,0
BRDA:9,0,0,-
BRDA:9,0,1,-
DA:10,0
DA:11,0
DA:12,0
DA:13,0
FN:21,ExtendedTest.assertRelApproxEq
FNDA:0,ExtendedTest.assertRelApproxEq
DA:26,0
DA:27,0
DA:29,0
BRDA:29,1,0,-
BRDA:29,1,1,-
DA:30,0
DA:31,0
DA:32,0
DA:33,0
DA:34,0
DA:35,0
FN:41,ExtendedTest.assertApproxEq
FNDA:0,ExtendedTest.assertApproxEq
DA:46,0
BRDA:46,2,0,-
BRDA:46,2,1,-
DA:47,0
BRDA:47,3,0,-
BRDA:47,3,1,-
DA:48,0
DA:49,0
DA:50,0
DA:51,0
DA:54,0
BRDA:54,4,0,-
BRDA:54,4,1,-
DA:55,0
DA:56,0
DA:57,0
DA:58,0
FN:64,ExtendedTest.assertApproxEq
FNDA:0,ExtendedTest.assertApproxEq
DA:70,0
BRDA:70,5,0,-
BRDA:70,5,1,-
DA:71,0
BRDA:71,6,0,-
BRDA:71,6,1,-
DA:72,0
DA:73,0
DA:74,0
DA:75,0
DA:78,0
BRDA:78,7,0,-
BRDA:78,7,1,-
DA:79,0
DA:80,0
DA:81,0
DA:82,0
FNF:4
FNH:0
LF:36
LH:0
BRF:16
BRH:0
end_of_record
TN:
SF:src/test/utils/LibAddressSet.sol
FN:10,LibAddressSet.add
FNDA:0,LibAddressSet.add
DA:11,0
BRDA:11,0,0,-
BRDA:11,0,1,-
DA:12,0
DA:13,0
FN:17,LibAddressSet.contains
FNDA:0,LibAddressSet.contains
DA:21,0
FN:24,LibAddressSet.count
FNDA:0,LibAddressSet.count
DA:25,0
FN:28,LibAddressSet.rand
FNDA:0,LibAddressSet.rand
DA:32,0
BRDA:32,1,0,-
BRDA:32,1,1,-
DA:33,0
DA:35,0
FN:39,LibAddressSet.addresses
FNDA:0,LibAddressSet.addresses
DA:42,0
FNF:5
FNH:0
LF:9
LH:0
BRF:4
BRH:0
end_of_record
TN:
SF:src/test/utils/Setup.sol
FN:47,Setup.setUp
FNDA:0,Setup.setUp
DA:49,0
DA:52,0
DA:55,0
DA:58,0
DA:61,0
DA:64,0
DA:65,0
DA:66,0
DA:67,0
DA:68,0
DA:69,0
DA:70,0
DA:71,0
DA:72,0
DA:73,0
FN:76,Setup.setUpStrategy
FNDA:0,Setup.setUpStrategy
DA:78,0
DA:83,0
DA:85,0
DA:87,0
DA:89,0
DA:91,0
DA:92,0
DA:94,0
FN:97,Setup.setUpIlliquidStrategy
FNDA:0,Setup.setUpIlliquidStrategy
DA:98,0
DA:105,0
DA:107,0
DA:109,0
DA:111,0
DA:113,0
DA:114,0
DA:116,0
FN:119,Setup.setUpFaultyStrategy
FNDA:0,Setup.setUpFaultyStrategy
DA:120,0
DA:127,0
DA:129,0
DA:131,0
DA:133,0
DA:135,0
DA:136,0
DA:138,0
FN:141,Setup.mintAndDepositIntoStrategy
FNDA:0,Setup.mintAndDepositIntoStrategy
DA:146,0
DA:147,0
DA:148,0
DA:150,0
DA:151,0
FN:154,Setup.checkStrategyTotals
FNDA:0,Setup.checkStrategyTotals
DA:161,0
DA:162,0
DA:165,0
DA:166,0
DA:167,0
DA:168,0
DA:169,0
DA:170,0
DA:172,0
FN:176,Setup.checkStrategyTotals
FNDA:0,Setup.checkStrategyTotals
DA:182,0
DA:183,0
DA:186,0
DA:187,0
DA:188,0
DA:189,0
DA:190,0
DA:191,0
FN:194,Setup.createAndCheckProfit
FNDA:0,Setup.createAndCheckProfit
DA:200,0
DA:201,0
DA:204,0
DA:205,0
DA:207,0
DA:208,0
DA:210,0
DA:211,0
DA:212,0
DA:217,0
FN:220,Setup.createAndCheckLoss
FNDA:0,Setup.createAndCheckLoss
DA:226,0
DA:228,0
DA:230,0
DA:231,0
DA:233,0
DA:234,0
DA:236,0
DA:237,0
DA:238,0
DA:243,0
FN:246,Setup.increaseTimeAndCheckBuffer
FNDA:0,Setup.increaseTimeAndCheckBuffer
DA:251,0
DA:253,0
FN:261,Setup.setFees
FNDA:0,Setup.setFees
DA:262,0
DA:266,0
BRDA:266,0,0,-
BRDA:266,0,1,-
DA:267,0
DA:269,0
DA:270,0
FN:276,Setup.setPerformanceFeeToZero
FNDA:0,Setup.setPerformanceFeeToZero
DA:277,0
DA:278,0
DA:282,0
DA:289,0
DA:293,0
DA:295,0
DA:297,0
DA:299,0
DA:303,0
DA:306,0
FN:309,Setup.setupWhitelist
FNDA:0,Setup.setupWhitelist
DA:310,0
DA:314,0
DA:316,0
FN:319,Setup.configureFaultyStrategy
FNDA:0,Setup.configureFaultyStrategy
DA:320,0
DA:324,0
DA:325,0
FN:328,Setup._strategyStorage
FNDA:0,Setup._strategyStorage
DA:335,0
DA:337,0
FNF:15
FNH:0
LF:106
LH:0
BRF:2
BRH:0
end_of_record
